Performing C SOURCE FILE Test CMAKE_HAVE_LIBC_PTHREAD failed with the following output:
Change Dir: /home/jbs/catkin_ws/src/atypical_driving_snu/cmake-build-debug/CMakeFiles/CMakeTmp

Run Build Command(s):/usr/bin/make cmTC_278a7/fast && /usr/bin/make -f CMakeFiles/cmTC_278a7.dir/build.make CMakeFiles/cmTC_278a7.dir/build
make[1]: Entering directory '/home/jbs/catkin_ws/src/atypical_driving_snu/cmake-build-debug/CMakeFiles/CMakeTmp'
Building C object CMakeFiles/cmTC_278a7.dir/src.c.o
/usr/bin/cc   -DCMAKE_HAVE_LIBC_PTHREAD   -o CMakeFiles/cmTC_278a7.dir/src.c.o   -c /home/jbs/catkin_ws/src/atypical_driving_snu/cmake-build-debug/CMakeFiles/CMakeTmp/src.c
Linking C executable cmTC_278a7
/home/jbs/clion-2019.3.4/bin/cmake/linux/bin/cmake -E cmake_link_script CMakeFiles/cmTC_278a7.dir/link.txt --verbose=1
/usr/bin/cc  -DCMAKE_HAVE_LIBC_PTHREAD    -rdynamic CMakeFiles/cmTC_278a7.dir/src.c.o  -o cmTC_278a7 
CMakeFiles/cmTC_278a7.dir/src.c.o: In function `main':
src.c:(.text+0x3e): undefined reference to `pthread_create'
src.c:(.text+0x4a): undefined reference to `pthread_detach'
src.c:(.text+0x5b): undefined reference to `pthread_join'
src.c:(.text+0x6f): undefined reference to `pthread_atfork'
collect2: error: ld returned 1 exit status
CMakeFiles/cmTC_278a7.dir/build.make:86: recipe for target 'cmTC_278a7' failed
make[1]: *** [cmTC_278a7] Error 1
make[1]: Leaving directory '/home/jbs/catkin_ws/src/atypical_driving_snu/cmake-build-debug/CMakeFiles/CMakeTmp'
Makefile:121: recipe for target 'cmTC_278a7/fast' failed
make: *** [cmTC_278a7/fast] Error 2


Source file was:
#include <pthread.h>

void* test_func(void* data)
{
  return data;
}

int main(void)
{
  pthread_t thread;
  pthread_create(&thread, NULL, test_func, NULL);
  pthread_detach(thread);
  pthread_join(thread, NULL);
  pthread_atfork(NULL, NULL, NULL);
  pthread_exit(NULL);

  return 0;
}

Determining if the function pthread_create exists in the pthreads failed with the following output:
Change Dir: /home/jbs/catkin_ws/src/atypical_driving_snu/cmake-build-debug/CMakeFiles/CMakeTmp

Run Build Command(s):/usr/bin/make cmTC_318ff/fast && /usr/bin/make -f CMakeFiles/cmTC_318ff.dir/build.make CMakeFiles/cmTC_318ff.dir/build
make[1]: Entering directory '/home/jbs/catkin_ws/src/atypical_driving_snu/cmake-build-debug/CMakeFiles/CMakeTmp'
Building C object CMakeFiles/cmTC_318ff.dir/CheckFunctionExists.c.o
/usr/bin/cc   -DCHECK_FUNCTION_EXISTS=pthread_create   -o CMakeFiles/cmTC_318ff.dir/CheckFunctionExists.c.o   -c /home/jbs/clion-2019.3.4/bin/cmake/linux/share/cmake-3.15/Modules/CheckFunctionExists.c
Linking C executable cmTC_318ff
/home/jbs/clion-2019.3.4/bin/cmake/linux/bin/cmake -E cmake_link_script CMakeFiles/cmTC_318ff.dir/link.txt --verbose=1
/usr/bin/cc  -DCHECK_FUNCTION_EXISTS=pthread_create    -rdynamic CMakeFiles/cmTC_318ff.dir/CheckFunctionExists.c.o  -o cmTC_318ff -lpthreads 
/usr/bin/ld: cannot find -lpthreads
collect2: error: ld returned 1 exit status
CMakeFiles/cmTC_318ff.dir/build.make:86: recipe for target 'cmTC_318ff' failed
make[1]: *** [cmTC_318ff] Error 1
make[1]: Leaving directory '/home/jbs/catkin_ws/src/atypical_driving_snu/cmake-build-debug/CMakeFiles/CMakeTmp'
Makefile:121: recipe for target 'cmTC_318ff/fast' failed
make: *** [cmTC_318ff/fast] Error 2



